BUILD: Computing Include file dependencies:
BUILD: Examining d:\devwork\nibtools\src directory tree for files to compile.
Building generated files in d:\devwork\nibtools\src\winbuild-nibread ********************
1>'nmake.exe /nologo BUILDMSG=Stop. -i NTTEST= UMTEST= NOLINK=1 PASS0ONLY=1 386=1'
1>BUILDMSG: Processing d:\devwork\nibtools\src\winbuild-nibread
Building generated files in d:\devwork\nibtools\src\winbuild-nibwrite ********************
2>'nmake.exe /nologo BUILDMSG=Stop. -i NTTEST= UMTEST= NOLINK=1 PASS0ONLY=1 386=1'
2>BUILDMSG: Processing d:\devwork\nibtools\src\winbuild-nibwrite
1>
2>
1>Stop.
2>Stop.
BUILD: Examining d:\devwork\nibtools\src directory tree for files to compile. (2nd Pass)
Compiling (NoSync) d:\devwork\nibtools\src\winbuild-nibread directory ********************
1>'nmake.exe /nologo BUILDMSG=Stop. -i NTTEST= UMTEST= NOLINK=1 NOPASS0=1 PASS1_NOLIB=1 386=1'
1>BUILDMSG: Processing d:\devwork\nibtools\src\winbuild-nibread
Compiling (NoSync) d:\devwork\nibtools\src\winbuild-nibscan directory ********************
2>'nmake.exe /nologo BUILDMSG=Stop. -i NTTEST= UMTEST= NOLINK=1 NOPASS0=1 PASS1_NOLIB=1 386=1'
2>BUILDMSG: Processing d:\devwork\nibtools\src\winbuild-nibscan
Compiling (NoSync) d:\devwork\nibtools\src\winbuild-nibconv directory ********************
3>'nmake.exe /nologo BUILDMSG=Stop. -i NTTEST= UMTEST= NOLINK=1 NOPASS0=1 PASS1_NOLIB=1 386=1'
3>BUILDMSG: Processing d:\devwork\nibtools\src\winbuild-nibconv
Compiling (NoSync) d:\devwork\nibtools\src\winbuild-nibrepair directory ********************
4>'nmake.exe /nologo BUILDMSG=Stop. -i NTTEST= UMTEST= NOLINK=1 NOPASS0=1 PASS1_NOLIB=1 386=1'
4>BUILDMSG: Processing d:\devwork\nibtools\src\winbuild-nibrepair
Compiling (NoSync) d:\devwork\nibtools\src\winbuild-nibwrite directory ********************
5>'nmake.exe /nologo BUILDMSG=Stop. -i NTTEST= UMTEST= NOLINK=1 NOPASS0=1 PASS1_NOLIB=1 386=1'
5>BUILDMSG: Processing d:\devwork\nibtools\src\winbuild-nibwrite
2>    rc -l 409 -DSXS_ASSEMBLY_NAME=""""""  -DSXS_ASSEMBLY_LANGUAGE=""""""  -DSXS_PROCESSOR_ARCHITECTURE="""x86"""  -DSXS_TARGET="""nibscan.exe"""   -DSYSTEM_COMPATIBLE_ASSEMBLY_NAME="""Microsoft.Windows.SystemCompatible"""  -DLSYSTEM_COMPATIBLE_ASSEMBLY_NAME=L"""Microsoft.Windows.SystemCompatible"""   -DSXS_ASSEMBLY_VERSION="""""" -z "MS Sans Serif,Helv/MS Shell Dlg"  -r -fo objfre_wxp_x86\i386\nibscan.res -D_X86_=1 -Di386=1  -DSTD_CALL -DCONDITION_HANDLING=1   -DNT_INST=0 -DWIN32=100 -D_NT1X_=100 -DWINNT=1 -D_WIN32_WINNT=0x0501 /DWINVER=0x0501 -D_WIN32_IE=0x0603    -DWIN32_LEAN_AND_MEAN=1 -DDEVL=1 -D__BUILDMACHINE__=WinDDK -DFPO=0  -DNDEBUG -D_DLL=1 -D_MT=1    -Id:\dev\WINDDK\3790.1830\inc\mfc42 -I../include/WINDOWS -I../../include -I../../include/WINDOWS -I../../arch/windows/ -Iobjfre_wxp_x86\i386 -Id:\dev\WINDDK\3790.1830\inc\wxp -Id:\dev\WINDDK\3790.1830\inc\wxp -Id:\dev\WINDDK\3790.1830\inc\crt .\nibscan.rc
5>    rc -l 409 -DSXS_ASSEMBLY_NAME=""""""  -DSXS_ASSEMBLY_LANGUAGE=""""""  -DSXS_PROCESSOR_ARCHITECTURE="""x86"""  -DSXS_TARGET="""nibwrite.exe"""   -DSYSTEM_COMPATIBLE_ASSEMBLY_NAME="""Microsoft.Windows.SystemCompatible"""  -DLSYSTEM_COMPATIBLE_ASSEMBLY_NAME=L"""Microsoft.Windows.SystemCompatible"""   -DSXS_ASSEMBLY_VERSION="""""" -z "MS Sans Serif,Helv/MS Shell Dlg"  -r -fo objfre_wxp_x86\i386\nibwrite.res -D_X86_=1 -Di386=1  -DSTD_CALL -DCONDITION_HANDLING=1   -DNT_INST=0 -DWIN32=100 -D_NT1X_=100 -DWINNT=1 -D_WIN32_WINNT=0x0501 /DWINVER=0x0501 -D_WIN32_IE=0x0603    -DWIN32_LEAN_AND_MEAN=1 -DDEVL=1 -D__BUILDMACHINE__=WinDDK -DFPO=0  -DNDEBUG -D_DLL=1 -D_MT=1    -Id:\dev\WINDDK\3790.1830\inc\mfc42 -I../include/WINDOWS -I../../include -I../../include/WINDOWS -I../../arch/windows/ -Iobjfre_wxp_x86\i386 -Id:\dev\WINDDK\3790.1830\inc\wxp -Id:\dev\WINDDK\3790.1830\inc\wxp -Id:\dev\WINDDK\3790.1830\inc\crt .\nibwrite.rc
1>    rc -l 409 -DSXS_ASSEMBLY_NAME=""""""  -DSXS_ASSEMBLY_LANGUAGE=""""""  -DSXS_PROCESSOR_ARCHITECTURE="""x86"""  -DSXS_TARGET="""nibread.exe"""   -DSYSTEM_COMPATIBLE_ASSEMBLY_NAME="""Microsoft.Windows.SystemCompatible"""  -DLSYSTEM_COMPATIBLE_ASSEMBLY_NAME=L"""Microsoft.Windows.SystemCompatible"""   -DSXS_ASSEMBLY_VERSION="""""" -z "MS Sans Serif,Helv/MS Shell Dlg"  -r -fo objfre_wxp_x86\i386\nibread.res -D_X86_=1 -Di386=1  -DSTD_CALL -DCONDITION_HANDLING=1   -DNT_INST=0 -DWIN32=100 -D_NT1X_=100 -DWINNT=1 -D_WIN32_WINNT=0x0501 /DWINVER=0x0501 -D_WIN32_IE=0x0603    -DWIN32_LEAN_AND_MEAN=1 -DDEVL=1 -D__BUILDMACHINE__=WinDDK -DFPO=0  -DNDEBUG -D_DLL=1 -D_MT=1    -Id:\dev\WINDDK\3790.1830\inc\mfc42 -I../include/WINDOWS -I../../include -I../../include/WINDOWS -I../../arch/windows/ -Iobjfre_wxp_x86\i386 -Id:\dev\WINDDK\3790.1830\inc\wxp -Id:\dev\WINDDK\3790.1830\inc\wxp -Id:\dev\WINDDK\3790.1830\inc\crt .\nibread.rc
3>    rc -l 409 -DSXS_ASSEMBLY_NAME=""""""  -DSXS_ASSEMBLY_LANGUAGE=""""""  -DSXS_PROCESSOR_ARCHITECTURE="""x86"""  -DSXS_TARGET="""nibconv.exe"""   -DSYSTEM_COMPATIBLE_ASSEMBLY_NAME="""Microsoft.Windows.SystemCompatible"""  -DLSYSTEM_COMPATIBLE_ASSEMBLY_NAME=L"""Microsoft.Windows.SystemCompatible"""   -DSXS_ASSEMBLY_VERSION="""""" -z "MS Sans Serif,Helv/MS Shell Dlg"  -r -fo objfre_wxp_x86\i386\nibconv.res -D_X86_=1 -Di386=1  -DSTD_CALL -DCONDITION_HANDLING=1   -DNT_INST=0 -DWIN32=100 -D_NT1X_=100 -DWINNT=1 -D_WIN32_WINNT=0x0501 /DWINVER=0x0501 -D_WIN32_IE=0x0603    -DWIN32_LEAN_AND_MEAN=1 -DDEVL=1 -D__BUILDMACHINE__=WinDDK -DFPO=0  -DNDEBUG -D_DLL=1 -D_MT=1    -Id:\dev\WINDDK\3790.1830\inc\mfc42 -I../include/WINDOWS -I../../include -I../../include/WINDOWS -I../../arch/windows/ -Iobjfre_wxp_x86\i386 -Id:\dev\WINDDK\3790.1830\inc\wxp -Id:\dev\WINDDK\3790.1830\inc\wxp -Id:\dev\WINDDK\3790.1830\inc\crt .\nibconv.rc
4>    rc -l 409 -DSXS_ASSEMBLY_NAME=""""""  -DSXS_ASSEMBLY_LANGUAGE=""""""  -DSXS_PROCESSOR_ARCHITECTURE="""x86"""  -DSXS_TARGET="""nibrepair.exe"""   -DSYSTEM_COMPATIBLE_ASSEMBLY_NAME="""Microsoft.Windows.SystemCompatible"""  -DLSYSTEM_COMPATIBLE_ASSEMBLY_NAME=L"""Microsoft.Windows.SystemCompatible"""   -DSXS_ASSEMBLY_VERSION="""""" -z "MS Sans Serif,Helv/MS Shell Dlg"  -r -fo objfre_wxp_x86\i386\nibrepair.res -D_X86_=1 -Di386=1  -DSTD_CALL -DCONDITION_HANDLING=1   -DNT_INST=0 -DWIN32=100 -D_NT1X_=100 -DWINNT=1 -D_WIN32_WINNT=0x0501 /DWINVER=0x0501 -D_WIN32_IE=0x0603    -DWIN32_LEAN_AND_MEAN=1 -DDEVL=1 -D__BUILDMACHINE__=WinDDK -DFPO=0  -DNDEBUG -D_DLL=1 -D_MT=1    -Id:\dev\WINDDK\3790.1830\inc\mfc42 -I../include/WINDOWS -I../../include -I../../include/WINDOWS -I../../arch/windows/ -Iobjfre_wxp_x86\i386 -Id:\dev\WINDDK\3790.1830\inc\wxp -Id:\dev\WINDDK\3790.1830\inc\wxp -Id:\dev\WINDDK\3790.1830\inc\crt .\nibrepair.rc
1>cl -nologo -Ii386\ -I. -Id:\dev\WINDDK\3790.1830\inc\mfc42 -I../include/WINDOWS -I../../include -I../../include/WINDOWS -I../../arch/windows/ -Iobjfre_wxp_x86\i386 -Id:\dev\WINDDK\3790.1830\inc\wxp -Id:\dev\WINDDK\3790.1830\inc\wxp -Id:\dev\WINDDK\3790.1830\inc\crt -D_X86_=1 -Di386=1  -DSTD_CALL -DCONDITION_HANDLING=1   -DNT_INST=0 -DWIN32=100 -D_NT1X_=100 -DWINNT=1 -D_WIN32_WINNT=0x0501 /DWINVER=0x0501 -D_WIN32_IE=0x0603    -DWIN32_LEAN_AND_MEAN=1 -DDEVL=1 -D__BUILDMACHINE__=WinDDK -DFPO=0  -DNDEBUG -D_DLL=1 -D_MT=1      /c /Zl /Zp8 /Gy /Gm-  /W3 /WX /Gz  /GX-  /GR- /GF /GS /G6 /Ze /Gi- /QIfdiv- /hotpatch -Z7 /Oxs  /Oy-   -FId:\dev\WINDDK\3790.1830\inc\wxp\warning.h   ..\nibread.c ..\gcr.c ..\drive.c ..\prot.c ..\read.c ..\fileio.c ..\crc.c ..\md5.c ..\lz.c ..\ihs.c 
5>cl -nologo -Ii386\ -I. -Id:\dev\WINDDK\3790.1830\inc\mfc42 -I../include/WINDOWS -I../../include -I../../include/WINDOWS -I../../arch/windows/ -Iobjfre_wxp_x86\i386 -Id:\dev\WINDDK\3790.1830\inc\wxp -Id:\dev\WINDDK\3790.1830\inc\wxp -Id:\dev\WINDDK\3790.1830\inc\crt -D_X86_=1 -Di386=1  -DSTD_CALL -DCONDITION_HANDLING=1   -DNT_INST=0 -DWIN32=100 -D_NT1X_=100 -DWINNT=1 -D_WIN32_WINNT=0x0501 /DWINVER=0x0501 -D_WIN32_IE=0x0603    -DWIN32_LEAN_AND_MEAN=1 -DDEVL=1 -D__BUILDMACHINE__=WinDDK -DFPO=0  -DNDEBUG -D_DLL=1 -D_MT=1      /c /Zl /Zp8 /Gy /Gm-  /W3 /WX /Gz  /GX-  /GR- /GF /GS /G6 /Ze /Gi- /QIfdiv- /hotpatch -Z7 /Oxs  /Oy-   -FId:\dev\WINDDK\3790.1830\inc\wxp\warning.h   ..\nibwrite.c ..\gcr.c ..\drive.c ..\prot.c ..\write.c ..\fileio.c ..\crc.c ..\md5.c ..\lz.c ..\ihs.c 
4>cl -nologo -Ii386\ -I. -Id:\dev\WINDDK\3790.1830\inc\mfc42 -I../include/WINDOWS -I../../include -I../../include/WINDOWS -I../../arch/windows/ -Iobjfre_wxp_x86\i386 -Id:\dev\WINDDK\3790.1830\inc\wxp -Id:\dev\WINDDK\3790.1830\inc\wxp -Id:\dev\WINDDK\3790.1830\inc\crt -D_X86_=1 -Di386=1  -DSTD_CALL -DCONDITION_HANDLING=1   -DNT_INST=0 -DWIN32=100 -D_NT1X_=100 -DWINNT=1 -D_WIN32_WINNT=0x0501 /DWINVER=0x0501 -D_WIN32_IE=0x0603    -DWIN32_LEAN_AND_MEAN=1 -DDEVL=1 -D__BUILDMACHINE__=WinDDK -DFPO=0  -DNDEBUG -D_DLL=1 -D_MT=1      /c /Zl /Zp8 /Gy /Gm-  /W3 /WX /Gz  /GX-  /GR- /GF /GS /G6 /Ze /Gi- /QIfdiv- /hotpatch -Z7 /Oxs  /Oy-   -FId:\dev\WINDDK\3790.1830\inc\wxp\warning.h   ..\nibrepair.c ..\gcr.c ..\prot.c ..\fileio.c ..\crc.c ..\md5.c ..\lz.c 
3>cl -nologo -Ii386\ -I. -Id:\dev\WINDDK\3790.1830\inc\mfc42 -I../include/WINDOWS -I../../include -I../../include/WINDOWS -I../../arch/windows/ -Iobjfre_wxp_x86\i386 -Id:\dev\WINDDK\3790.1830\inc\wxp -Id:\dev\WINDDK\3790.1830\inc\wxp -Id:\dev\WINDDK\3790.1830\inc\crt -D_X86_=1 -Di386=1  -DSTD_CALL -DCONDITION_HANDLING=1   -DNT_INST=0 -DWIN32=100 -D_NT1X_=100 -DWINNT=1 -D_WIN32_WINNT=0x0501 /DWINVER=0x0501 -D_WIN32_IE=0x0603    -DWIN32_LEAN_AND_MEAN=1 -DDEVL=1 -D__BUILDMACHINE__=WinDDK -DFPO=0  -DNDEBUG -D_DLL=1 -D_MT=1      /c /Zl /Zp8 /Gy /Gm-  /W3 /WX /Gz  /GX-  /GR- /GF /GS /G6 /Ze /Gi- /QIfdiv- /hotpatch -Z7 /Oxs  /Oy-   -FId:\dev\WINDDK\3790.1830\inc\wxp\warning.h   ..\nibconv.c ..\gcr.c ..\prot.c ..\fileio.c ..\crc.c ..\md5.c ..\lz.c 
2>cl -nologo -Ii386\ -I. -Id:\dev\WINDDK\3790.1830\inc\mfc42 -I../include/WINDOWS -I../../include -I../../include/WINDOWS -I../../arch/windows/ -Iobjfre_wxp_x86\i386 -Id:\dev\WINDDK\3790.1830\inc\wxp -Id:\dev\WINDDK\3790.1830\inc\wxp -Id:\dev\WINDDK\3790.1830\inc\crt -D_X86_=1 -Di386=1  -DSTD_CALL -DCONDITION_HANDLING=1   -DNT_INST=0 -DWIN32=100 -D_NT1X_=100 -DWINNT=1 -D_WIN32_WINNT=0x0501 /DWINVER=0x0501 -D_WIN32_IE=0x0603    -DWIN32_LEAN_AND_MEAN=1 -DDEVL=1 -D__BUILDMACHINE__=WinDDK -DFPO=0  -DNDEBUG -D_DLL=1 -D_MT=1      /c /Zl /Zp8 /Gy /Gm-  /W3 /WX /Gz  /GX-  /GR- /GF /GS /G6 /Ze /Gi- /QIfdiv- /hotpatch -Z7 /Oxs  /Oy-   -FId:\dev\WINDDK\3790.1830\inc\wxp\warning.h   ..\nibscan.c ..\gcr.c ..\prot.c ..\fileio.c ..\crc.c ..\md5.c ..\lz.c 
1>nibread.c
3>nibconv.c
2>nibscan.c
5>nibwrite.c
4>nibrepair.c
3>gcr.c
4>gcr.c
5>gcr.c
2>gcr.c
1>gcr.c
5>drive.c
4>prot.c
2>prot.c
1>drive.c
3>prot.c
2>fileio.c
3>fileio.c
4>fileio.c
5>prot.c
1>prot.c
5>write.c
2>crc.c
4>crc.c
3>crc.c
1>read.c
2>md5.c
4>md5.c
3>md5.c
2>lz.c
4>lz.c
3>lz.c
2>Generating Code...
4>Generating Code...
3>Generating Code...
5>fileio.c
1>fileio.c
5>crc.c
1>crc.c
5>md5.c
1>md5.c
5>lz.c
1>lz.c
5>ihs.c
1>ihs.c
5>Generating Code...
1>Generating Code...
3>
4>
3>Stop.
2>
4>Stop.
2>Stop.
5>
1>
5>Stop.
1>Stop.
Compiling  d:\devwork\nibtools\src\winbuild-nibread directory ********************
100>'nmake.exe /nologo BUILDMSG=Stop. -i NTTEST= UMTEST= NOLINK=1 NOPASS0=1 386=1'
100>BUILDMSG: Processing d:\devwork\nibtools\src\winbuild-nibread
100>
100>Stop.
TESTING: Number of dirs done build libs 1 out of  5Compiling  d:\devwork\nibtools\src\winbuild-nibscan directory ********************
101>'nmake.exe /nologo BUILDMSG=Stop. -i NTTEST= UMTEST= NOLINK=1 NOPASS0=1 386=1'
101>BUILDMSG: Processing d:\devwork\nibtools\src\winbuild-nibscan
Compiling  d:\devwork\nibtools\src\winbuild-nibconv directory ********************
102>'nmake.exe /nologo BUILDMSG=Stop. -i NTTEST= UMTEST= NOLINK=1 NOPASS0=1 386=1'
102>BUILDMSG: Processing d:\devwork\nibtools\src\winbuild-nibconv
Compiling  d:\devwork\nibtools\src\winbuild-nibrepair directory ********************
103>'nmake.exe /nologo BUILDMSG=Stop. -i NTTEST= UMTEST= NOLINK=1 NOPASS0=1 386=1'
103>BUILDMSG: Processing d:\devwork\nibtools\src\winbuild-nibrepair
Compiling  d:\devwork\nibtools\src\winbuild-nibwrite directory ********************
104>'nmake.exe /nologo BUILDMSG=Stop. -i NTTEST= UMTEST= NOLINK=1 NOPASS0=1 386=1'
104>BUILDMSG: Processing d:\devwork\nibtools\src\winbuild-nibwrite
101>
102>
103>
104>
101>Stop.
102>Stop.
103>Stop.
104>Stop.
Linking d:\devwork\nibtools\src\winbuild-nibread directory ********************
1>'nmake.exe /nologo BUILDMSG=Stop. -i LINKONLY=1 NOPASS0=1 NTTEST= UMTEST= 386=1'
1>BUILDMSG: Processing d:\devwork\nibtools\src\winbuild-nibread
Linking d:\devwork\nibtools\src\winbuild-nibscan directory ********************
2>'nmake.exe /nologo BUILDMSG=Stop. -i LINKONLY=1 NOPASS0=1 NTTEST= UMTEST= 386=1'
2>BUILDMSG: Processing d:\devwork\nibtools\src\winbuild-nibscan
Linking d:\devwork\nibtools\src\winbuild-nibconv directory ********************
3>'nmake.exe /nologo BUILDMSG=Stop. -i LINKONLY=1 NOPASS0=1 NTTEST= UMTEST= 386=1'
3>BUILDMSG: Processing d:\devwork\nibtools\src\winbuild-nibconv
Linking d:\devwork\nibtools\src\winbuild-nibrepair directory ********************
4>'nmake.exe /nologo BUILDMSG=Stop. -i LINKONLY=1 NOPASS0=1 NTTEST= UMTEST= 386=1'
4>BUILDMSG: Processing d:\devwork\nibtools\src\winbuild-nibrepair
Linking d:\devwork\nibtools\src\winbuild-nibwrite directory ********************
5>'nmake.exe /nologo BUILDMSG=Stop. -i LINKONLY=1 NOPASS0=1 NTTEST= UMTEST= 386=1'
5>BUILDMSG: Processing d:\devwork\nibtools\src\winbuild-nibwrite
1>	link -out:../../bin\i386\nibread.exe -machine:ix86 @C:\Users\peter\AppData\Local\Temp\nm3697.tmp
2>	link -out:../../bin\i386\nibscan.exe -machine:ix86 @C:\Users\peter\AppData\Local\Temp\nm3698.tmp
3>	link -out:../../bin\i386\nibconv.exe -machine:ix86 @C:\Users\peter\AppData\Local\Temp\nm3699.tmp
4>	link -out:../../bin\i386\nibrepair.exe -machine:ix86 @C:\Users\peter\AppData\Local\Temp\nm36A6.tmp
5>	link -out:../../bin\i386\nibwrite.exe -machine:ix86 @C:\Users\peter\AppData\Local\Temp\nm36A7.tmp
3>Microsoft (R) Incremental Linker Version 7.10.4035
3>Copyright (C) Microsoft Corporation.  All rights reserved.
3>
3>-MERGE:_PAGE=PAGE 
3>-MERGE:_TEXT=.text 
3>-SECTION:INIT,d 
3>-OPT:REF 
3>-OPT:ICF 
3>-IGNORE:4198,4010,4037,4039,4065,4070,4078,4087,4089,4221 
3>-INCREMENTAL:NO 
3>-FULLBUILD 
3>/release 
2>Microsoft (R) Incremental Linker Version 7.10.4035
3>-NODEFAULTLIB 
2>Copyright (C) Microsoft Corporation.  All rights reserved.
3>/WX 
2>
2>-MERGE:_PAGE=PAGE 
3>-debug 
2>-MERGE:_TEXT=.text 
2>-SECTION:INIT,d 
3>-debugtype:cv 
2>-OPT:REF 
2>-OPT:ICF 
2>-IGNORE:4198,4010,4037,4039,4065,4070,4078,4087,4089,4221 
3>-version:5.1 
2>-INCREMENTAL:NO 
2>-FULLBUILD 
3>-osversion:5.1 
3>/functionpadmin:5 
2>/release 
3>/safeseh 
3>/opt:nowin98 
2>-NODEFAULTLIB 
3>-merge:.rdata=.text 
2>/WX 
2>-debug 
3>/pdbcompress 
3>-STACK:0x40000,0x2000 
2>-debugtype:cv 
3>/tsaware 
3>-subsystem:console,4.00 
2>-version:5.1 
3>-base:@d:\dev\WINDDK\3790.1830\bin\coffbase.txt,usermode 
3>-entry:mainCRTStartup 
3>objfre_wxp_x86\i386\nibconv.res 
2>-osversion:5.1 
3>objfre_wxp_x86\i386\nibconv.obj 
3>objfre_wxp_x86\i386\gcr.obj 
2>/functionpadmin:5 
2>/safeseh 
2>/opt:nowin98 
2>-merge:.rdata=.text 
2>/pdbcompress 
2>-STACK:0x40000,0x2000 
2>/tsaware 
2>-subsystem:console,4.00 
3>objfre_wxp_x86\i386\prot.obj 
3>objfre_wxp_x86\i386\fileio.obj 
3>objfre_wxp_x86\i386\crc.obj 
3>objfre_wxp_x86\i386\md5.obj 
3>objfre_wxp_x86\i386\lz.obj 
3>d:\dev\WINDDK\3790.1830\lib\wxp\i386\BufferOverflowU.lib 
2>-base:@d:\dev\WINDDK\3790.1830\bin\coffbase.txt,usermode 
2>-entry:mainCRTStartup 
2>objfre_wxp_x86\i386\nibscan.res 
3>d:\dev\WINDDK\3790.1830\lib\crt\i386\msvcrt.lib 
3>d:\dev\WINDDK\3790.1830\lib\wxp\i386\advapi32.lib 
2>objfre_wxp_x86\i386\nibscan.obj 
2>objfre_wxp_x86\i386\gcr.obj 
3>d:\dev\WINDDK\3790.1830\lib\wxp\i386\kernel32.lib 
2>objfre_wxp_x86\i386\prot.obj 
3>d:\dev\WINDDK\3790.1830\lib\wxp\i386\sehupd.lib 
2>objfre_wxp_x86\i386\fileio.obj 
2>objfre_wxp_x86\i386\crc.obj 
2>objfre_wxp_x86\i386\md5.obj 
2>objfre_wxp_x86\i386\lz.obj 
2>d:\dev\WINDDK\3790.1830\lib\wxp\i386\BufferOverflowU.lib 
2>d:\dev\WINDDK\3790.1830\lib\crt\i386\msvcrt.lib 
2>d:\dev\WINDDK\3790.1830\lib\wxp\i386\advapi32.lib 
2>d:\dev\WINDDK\3790.1830\lib\wxp\i386\kernel32.lib 
2>d:\dev\WINDDK\3790.1830\lib\wxp\i386\sehupd.lib 
5>Microsoft (R) Incremental Linker Version 7.10.4035
5>Copyright (C) Microsoft Corporation.  All rights reserved.
5>
5>-MERGE:_PAGE=PAGE 
5>-MERGE:_TEXT=.text 
5>-SECTION:INIT,d 
5>-OPT:REF 
5>-OPT:ICF 
5>-IGNORE:4198,4010,4037,4039,4065,4070,4078,4087,4089,4221 
5>-INCREMENTAL:NO 
5>-FULLBUILD 
5>/release 
5>-NODEFAULTLIB 
5>/WX 
5>-debug 
5>-debugtype:cv 
5>-version:5.1 
5>-osversion:5.1 
5>/functionpadmin:5 
5>/safeseh 
5>/opt:nowin98 
5>-merge:.rdata=.text 
5>/pdbcompress 
5>-STACK:0x40000,0x2000 
5>/tsaware 
5>-subsystem:console,4.00 
5>-base:@d:\dev\WINDDK\3790.1830\bin\coffbase.txt,usermode 
5>-entry:mainCRTStartup 
5>objfre_wxp_x86\i386\nibwrite.res 
5>objfre_wxp_x86\i386\nibwrite.obj 
5>objfre_wxp_x86\i386\gcr.obj 
5>objfre_wxp_x86\i386\drive.obj 
5>objfre_wxp_x86\i386\prot.obj 
5>objfre_wxp_x86\i386\write.obj 
5>objfre_wxp_x86\i386\fileio.obj 
5>objfre_wxp_x86\i386\crc.obj 
5>objfre_wxp_x86\i386\md5.obj 
5>objfre_wxp_x86\i386\lz.obj 
5>objfre_wxp_x86\i386\ihs.obj 
5>d:\dev\WINDDK\3790.1830\lib\wxp\i386\BufferOverflowU.lib 
5>d:\dev\WINDDK\3790.1830\lib\crt\i386\msvcrt.lib 
5>d:\dev\WINDDK\3790.1830\lib\wxp\i386\advapi32.lib 
5>d:\dev\WINDDK\3790.1830\lib\wxp\i386\kernel32.lib 
5>../../bin/i386/opencbm.lib 
5>d:\dev\WINDDK\3790.1830\lib\wxp\i386\sehupd.lib 
1>Microsoft (R) Incremental Linker Version 7.10.4035
1>Copyright (C) Microsoft Corporation.  All rights reserved.
1>
1>-MERGE:_PAGE=PAGE 
1>-MERGE:_TEXT=.text 
1>-SECTION:INIT,d 
1>-OPT:REF 
1>-OPT:ICF 
1>-IGNORE:4198,4010,4037,4039,4065,4070,4078,4087,4089,4221 
1>-INCREMENTAL:NO 
1>-FULLBUILD 
1>/release 
1>-NODEFAULTLIB 
1>/WX 
1>-debug 
1>-debugtype:cv 
1>-version:5.1 
1>-osversion:5.1 
1>/functionpadmin:5 
1>/safeseh 
1>/opt:nowin98 
1>-merge:.rdata=.text 
1>/pdbcompress 
1>-STACK:0x40000,0x2000 
1>/tsaware 
1>-subsystem:console,4.00 
1>-base:@d:\dev\WINDDK\3790.1830\bin\coffbase.txt,usermode 
1>-entry:mainCRTStartup 
1>objfre_wxp_x86\i386\nibread.res 
1>objfre_wxp_x86\i386\nibread.obj 
1>objfre_wxp_x86\i386\gcr.obj 
1>objfre_wxp_x86\i386\drive.obj 
1>objfre_wxp_x86\i386\prot.obj 
1>objfre_wxp_x86\i386\read.obj 
1>objfre_wxp_x86\i386\fileio.obj 
1>objfre_wxp_x86\i386\crc.obj 
1>objfre_wxp_x86\i386\md5.obj 
1>objfre_wxp_x86\i386\lz.obj 
1>objfre_wxp_x86\i386\ihs.obj 
1>d:\dev\WINDDK\3790.1830\lib\wxp\i386\BufferOverflowU.lib 
1>d:\dev\WINDDK\3790.1830\lib\crt\i386\msvcrt.lib 
1>d:\dev\WINDDK\3790.1830\lib\wxp\i386\advapi32.lib 
1>d:\dev\WINDDK\3790.1830\lib\wxp\i386\kernel32.lib 
1>../../bin/i386/opencbm.lib 
1>d:\dev\WINDDK\3790.1830\lib\wxp\i386\sehupd.lib 
4>Microsoft (R) Incremental Linker Version 7.10.4035
4>Copyright (C) Microsoft Corporation.  All rights reserved.
4>
4>-MERGE:_PAGE=PAGE 
4>-MERGE:_TEXT=.text 
4>-SECTION:INIT,d 
4>-OPT:REF 
4>-OPT:ICF 
4>-IGNORE:4198,4010,4037,4039,4065,4070,4078,4087,4089,4221 
4>-INCREMENTAL:NO 
4>-FULLBUILD 
4>/release 
4>-NODEFAULTLIB 
4>/WX 
4>-debug 
4>-debugtype:cv 
4>-version:5.1 
4>-osversion:5.1 
4>/functionpadmin:5 
4>/safeseh 
4>/opt:nowin98 
4>-merge:.rdata=.text 
4>/pdbcompress 
4>-STACK:0x40000,0x2000 
4>/tsaware 
4>-subsystem:console,4.00 
4>-base:@d:\dev\WINDDK\3790.1830\bin\coffbase.txt,usermode 
4>-entry:mainCRTStartup 
4>objfre_wxp_x86\i386\nibrepair.res 
4>objfre_wxp_x86\i386\nibrepair.obj 
4>objfre_wxp_x86\i386\gcr.obj 
4>objfre_wxp_x86\i386\prot.obj 
4>objfre_wxp_x86\i386\fileio.obj 
4>objfre_wxp_x86\i386\crc.obj 
4>objfre_wxp_x86\i386\md5.obj 
4>objfre_wxp_x86\i386\lz.obj 
4>d:\dev\WINDDK\3790.1830\lib\wxp\i386\BufferOverflowU.lib 
4>d:\dev\WINDDK\3790.1830\lib\crt\i386\msvcrt.lib 
4>d:\dev\WINDDK\3790.1830\lib\wxp\i386\advapi32.lib 
4>d:\dev\WINDDK\3790.1830\lib\wxp\i386\kernel32.lib 
4>d:\dev\WINDDK\3790.1830\lib\wxp\i386\sehupd.lib 
3>	echo Skip Binplace:
4>	echo Skip Binplace:
5>	echo Skip Binplace:
1>	echo Skip Binplace:
3>Skip Binplace:
4>Skip Binplace:
2>	echo Skip Binplace:
5>Skip Binplace:
1>Skip Binplace:
2>Skip Binplace:
3>
4>
1>
3>Stop.
5>
2>
4>Stop.
1>Stop.
5>Stop.
2>Stop.
